Aceh
Bali
Banten
Bengkulu
DI Yogyakarta
DIY
DKI Jakarta
Gorontalo
Jabar
Jakarta
Jambi
Jateng
Jatim
Jawa Barat
Jawa Tengah
Jawa Timur
Kalimantan Barat
Kalimantan Selatan
Kalimantan Tengah
Kalimantan Timur
Kalimantan Utara
Kalbar
Kalsel
Kaltara
Kalteng
Kaltim
Kepulauan Bangka Belitung
Kepri
Kepulauan Riau
Lampung
Maluku
Maluku Utara
NTB
NTT
Nusa Tenggara Barat
Nusa Tenggara Timur
Papua
Papua Barat
Riau
Sulawesi Barat
Sulawesi Selatan
Sulawesi Tengah	
Sulawesi Tenggara
Sulawesi Utara
Sulbar
Sulsel
Sulteng
Sulut
Sumatera Barat
Sumbar
Sumsel
Sumut
Sumatera Selatan
Sumatera Utara
Yogyakarta